
ษออออออออออออออออออออออออออออออออออออออออออออออออออออออออออออออออป
บ                Claymore's Dual GPU Miner - v11.5               บ
บ              ETH + DCR/SIA/LBC/PASC/BLAKE2S/KECCAK             บ
ศออออออออออออออออออออออออออออออออออออออออออออออออออออออออออออออออผ

[0;31mno address specified - ignore
[0mETH: 1 pool is specified
Main Ethereum pool is local.ethermine.org:8008
SC: 1 pool is specified
Main Siacoin pool is us-east.siamining.com:7777
At least 16 GB of Virtual Memory is required for multi-GPU systems
Make sure you defined GPU_MAX_ALLOC_PERCENT 100
Be careful with overclocking, use default clocks for first tests
Press "s" for current statistics, "0".."9" to turn on/off cards, "r" to reload pools, "e" or "d" to select current pool, "x" to select GPU, "z" to find best -dcri values
OpenCL initializing...

AMD Cards available: 5 
[1;32mGPU #0: Ellesmere (Radeon RX 580 Series), 8164 MB available, 36 compute units (pci bus 2:0:0)
[0mGPU #0 recognized as Radeon RX 480/580
[1;32mGPU #1: Ellesmere (Radeon RX 580 Series), 8164 MB available, 36 compute units (pci bus 3:0:0)
[0mGPU #1 recognized as Radeon RX 480/580
[1;32mGPU #2: Ellesmere (Radeon RX 580 Series), 8164 MB available, 36 compute units (pci bus 4:0:0)
[0mGPU #2 recognized as Radeon RX 480/580
[1;32mGPU #3: Ellesmere (Radeon RX 580 Series), 8164 MB available, 36 compute units (pci bus 6:0:0)
[0mGPU #3 recognized as Radeon RX 480/580
[1;32mGPU #4: Ellesmere (Radeon RX 580 Series), 8164 MB available, 36 compute units (pci bus 7:0:0)
[0mGPU #4 recognized as Radeon RX 480/580
POOL/SOLO version
GPU #0: algorithm ASM 1
GPU #1: algorithm ASM 1
GPU #2: algorithm ASM 1
GPU #3: algorithm ASM 1
GPU #4: algorithm ASM 1
No NVIDIA CUDA GPUs detected.
[1;32mTotal cards: 5 
[0mAMD ADL library not found.
ETH: Stratum - connecting to 'local.ethermine.org' <1.2.3.4> port 8008 (unsecure)
[1;32mETH: Stratum - Connected (local.ethermine.org:8008) (unsecure)
[0m[0;36mDUAL MINING MODE ENABLED: ETHEREUM+SIACOIN
[0mETH: eth-proxy stratum mode
Watchdog disabled
Remote management (READ-ONLY MODE) is enabled on port 3333

[1;32mETH: Authorized
[0m SC: Stratum - connecting to 'us-east.siamining.com' <45.79.188.191> port 7777 (unsecure)
[1;32m SC: Stratum - Connected (us-east.siamining.com:7777) (unsecure)
[0m[1;32m SC: Authorized
[0mSetting DAG epoch #188...
Setting DAG epoch #188 for GPU4
Create GPU buffer for GPU4
Setting DAG epoch #188 for GPU3
Create GPU buffer for GPU3
Setting DAG epoch #188 for GPU2
Create GPU buffer for GPU2
Setting DAG epoch #188 for GPU1
Create GPU buffer for GPU1
Setting DAG epoch #188 for GPU0
Create GPU buffer for GPU0
GPU1 DAG creation time - 3993 ms
Setting DAG epoch #188 for GPU1 done
GPU2 DAG creation time - 4135 ms
Setting DAG epoch #188 for GPU2 done
GPU4 DAG creation time - 5251 ms
Setting DAG epoch #188 for GPU4 done
GPU3 DAG creation time - 5482 ms
Setting DAG epoch #188 for GPU3 done
GPU0 DAG creation time - 5517 ms
Setting DAG epoch #188 for GPU0 done
ETH: 05/22/18-20:43:30 - New job from local.ethermine.org:8008
[0;36mETH - Total Speed: 143.828 Mh/s, Total Shares: 0, Rejected: 0, Time: 00:00
[0m[0;36mETH: GPU0 27.303 Mh/s, GPU1 30.031 Mh/s, GPU2 29.209 Mh/s, GPU3 28.167 Mh/s, GPU4 29.118 Mh/s
[0m[1;33m SC - Total Speed: 2445.074 Mh/s, Total Shares: 0, Rejected: 0
[0m[1;33m SC: GPU0 464.155 Mh/s, GPU1 510.522 Mh/s, GPU2 496.555 Mh/s, GPU3 478.844 Mh/s, GPU4 494.998 Mh/s
[0m[1;32mETH: 05/22/18-20:43:31 - SHARE FOUND - (GPU 4)
[0m[1;32mETH: Share accepted (34 ms)!
[0m[0;35mGPU0 t=58C fan=48%, GPU1 t=68C fan=80%, GPU2 t=68C fan=80%, GPU3 t=62C fan=80%, GPU4 t=59C fan=80%
[0mETH: 05/22/18-20:43:39 - New job from local.ethermine.org:8008
[0;36mETH - Total Speed: 143.871 Mh/s, Total Shares: 1, Rejected: 0, Time: 00:00
[0m[0;36mETH: GPU0 27.353 Mh/s, GPU1 30.032 Mh/s, GPU2 29.210 Mh/s, GPU3 28.160 Mh/s, GPU4 29.117 Mh/s
[0m[1;33m SC - Total Speed: 2445.810 Mh/s, Total Shares: 0, Rejected: 0
[0m[1;33m SC: GPU0 465.000 Mh/s, GPU1 510.542 Mh/s, GPU2 496.565 Mh/s, GPU3 478.714 Mh/s, GPU4 494.989 Mh/s
[0m[1;32mETH: 05/22/18-20:43:43 - SHARE FOUND - (GPU 3)
[0m[1;32mETH: Share accepted (34 ms)!
[0mETH: 05/22/18-20:43:47 - New job from local.ethermine.org:8008
[0;36mETH - Total Speed: 143.882 Mh/s, Total Shares: 2, Rejected: 0, Time: 00:00
[0m[0;36mETH: GPU0 27.355 Mh/s, GPU1 30.030 Mh/s, GPU2 29.212 Mh/s, GPU3 28.168 Mh/s, GPU4 29.117 Mh/s
[0m[1;33m SC - Total Speed: 2445.988 Mh/s, Total Shares: 0, Rejected: 0
[0m[1;33m SC: GPU0 465.034 Mh/s, GPU1 510.510 Mh/s, GPU2 496.609 Mh/s, GPU3 478.848 Mh/s, GPU4 494.987 Mh/s
[0m